c:\users\catarina\documents\visual studio 2013\evm\realtimeevm - documented\realtimeevm\x64\debug\vc120.pdb
c:\users\catarina\documents\visual studio 2013\evm\realtimeevm - documented\realtimeevm\x64\debug\vc120.idb
c:\users\catarina\documents\visual studio 2013\evm\realtimeevm - documented\realtimeevm\x64\debug\capturethread.nativecodeanalysis.xml
c:\users\catarina\documents\visual studio 2013\evm\realtimeevm - documented\realtimeevm\x64\debug\magnificator.nativecodeanalysis.xml
c:\users\catarina\documents\visual studio 2013\evm\realtimeevm - documented\realtimeevm\x64\debug\magnifythread.nativecodeanalysis.xml
c:\users\catarina\documents\visual studio 2013\evm\realtimeevm - documented\realtimeevm\x64\debug\main.nativecodeanalysis.xml
c:\users\catarina\documents\visual studio 2013\evm\realtimeevm - documented\realtimeevm\x64\debug\slidinggraph.nativecodeanalysis.xml
c:\users\catarina\documents\visual studio 2013\evm\realtimeevm - documented\realtimeevm\x64\debug\spatialfilter.nativecodeanalysis.xml
c:\users\catarina\documents\visual studio 2013\evm\realtimeevm - documented\realtimeevm\x64\debug\temporalfilter.nativecodeanalysis.xml
c:\users\catarina\documents\visual studio 2013\evm\realtimeevm - documented\realtimeevm\x64\debug\temporalfilter.obj
c:\users\catarina\documents\visual studio 2013\evm\realtimeevm - documented\realtimeevm\x64\debug\spatialfilter.obj
c:\users\catarina\documents\visual studio 2013\evm\realtimeevm - documented\realtimeevm\x64\debug\slidinggraph.obj
c:\users\catarina\documents\visual studio 2013\evm\realtimeevm - documented\realtimeevm\x64\debug\main.obj
c:\users\catarina\documents\visual studio 2013\evm\realtimeevm - documented\realtimeevm\x64\debug\magnifythread.obj
c:\users\catarina\documents\visual studio 2013\evm\realtimeevm - documented\realtimeevm\x64\debug\magnificator.obj
c:\users\catarina\documents\visual studio 2013\evm\realtimeevm - documented\realtimeevm\x64\debug\capturethread.obj
c:\users\catarina\documents\visual studio 2013\evm\realtimeevm - documented\realtimeevm\x64\debug\previewthread.nativecodeanalysis.xml
c:\users\catarina\documents\visual studio 2013\evm\realtimeevm - documented\realtimeevm\x64\debug\previewthread.obj
c:\users\catarina\documents\visual studio 2013\evm\realtimeevm - documented\x64\debug\realtimeevm.ilk
c:\users\catarina\documents\visual studio 2013\evm\realtimeevm - documented\x64\debug\realtimeevm.exe
c:\users\catarina\documents\visual studio 2013\evm\realtimeevm - documented\x64\debug\realtimeevm.pdb
c:\users\catarina\documents\visual studio 2013\evm\realtimeevm - documented\realtimeevm\x64\debug\nativecodeanalysis.read.1.tlog
c:\users\catarina\documents\visual studio 2013\evm\realtimeevm - documented\realtimeevm\x64\debug\vc.nativecodeanalysis.all.xml
c:\users\catarina\documents\visual studio 2013\evm\realtimeevm - documented\x64\debug\realtimeevm.exe.lastcodeanalysissucceeded
c:\users\catarina\documents\visual studio 2013\evm\realtimeevm - documented\realtimeevm\x64\debug\realtimeevm.tlog\cl.command.1.tlog
c:\users\catarina\documents\visual studio 2013\evm\realtimeevm - documented\realtimeevm\x64\debug\realtimeevm.tlog\cl.read.1.tlog
c:\users\catarina\documents\visual studio 2013\evm\realtimeevm - documented\realtimeevm\x64\debug\realtimeevm.tlog\cl.write.1.tlog
c:\users\catarina\documents\visual studio 2013\evm\realtimeevm - documented\realtimeevm\x64\debug\realtimeevm.tlog\link.command.1.tlog
c:\users\catarina\documents\visual studio 2013\evm\realtimeevm - documented\realtimeevm\x64\debug\realtimeevm.tlog\link.read.1.tlog
c:\users\catarina\documents\visual studio 2013\evm\realtimeevm - documented\realtimeevm\x64\debug\realtimeevm.tlog\link.write.1.tlog
